<?xml version="1.0" encoding="UTF-8"?>
<!-- Generated by org.testng.reporters.JUnitReportReporter -->
<testsuite hostname="AQMIT-LPT-10781" failures="0" tests="1" name="com.aqm.WebTest" time="0.128" errors="0" timestamp="2024-07-11T12:40:27 IST" skipped="0">
  <testcase classname="com.aqm.WebTest" name="titleTest" time="0.128"/>
</testsuite> <!-- com.aqm.WebTest -->
